{"C:\\Users\\Hamza\\Desktop\\TenderToolBackend\\lambdas\\eskom-scraper\\index.mjs": {"path":"C:\\Users\\Hamza\\Desktop\\TenderToolBackend\\lambdas\\eskom-scraper\\index.mjs","statementMap":{"0":{"start":{"line":19,"column":11},"end":{"line":19,"column":49}},"1":{"start":{"line":20,"column":20},"end":{"line":20,"column":43}},"2":{"start":{"line":22,"column":29},"end":{"line":178,"column":1}},"3":{"start":{"line":23,"column":16},"end":{"line":23,"column":20}},"4":{"start":{"line":25,"column":2},"end":{"line":177,"column":3}},"5":{"start":{"line":26,"column":4},"end":{"line":26,"column":52}},"6":{"start":{"line":28,"column":4},"end":{"line":33,"column":7}},"7":{"start":{"line":35,"column":17},"end":{"line":35,"column":40}},"8":{"start":{"line":36,"column":21},"end":{"line":36,"column":22}},"9":{"start":{"line":37,"column":20},"end":{"line":37,"column":22}},"10":{"start":{"line":39,"column":4},"end":{"line":141,"column":5}},"11":{"start":{"line":40,"column":18},"end":{"line":40,"column":92}},"12":{"start":{"line":41,"column":6},"end":{"line":41,"column":58}},"13":{"start":{"line":42,"column":6},"end":{"line":42,"column":58}},"14":{"start":{"line":44,"column":6},"end":{"line":49,"column":7}},"15":{"start":{"line":45,"column":8},"end":{"line":45,"column":75}},"16":{"start":{"line":47,"column":8},"end":{"line":47,"column":77}},"17":{"start":{"line":48,"column":8},"end":{"line":48,"column":14}},"18":{"start":{"line":51,"column":25},"end":{"line":87,"column":8}},"19":{"start":{"line":52,"column":22},"end":{"line":52,"column":24}},"20":{"start":{"line":53,"column":31},"end":{"line":53,"column":67}},"21":{"start":{"line":55,"column":8},"end":{"line":84,"column":11}},"22":{"start":{"line":56,"column":32},"end":{"line":56,"column":75}},"23":{"start":{"line":57,"column":10},"end":{"line":57,"column":37}},"24":{"start":{"line":57,"column":30},"end":{"line":57,"column":37}},"25":{"start":{"line":59,"column":31},"end":{"line":59,"column":73}},"26":{"start":{"line":60,"column":27},"end":{"line":60,"column":70}},"27":{"start":{"line":61,"column":30},"end":{"line":61,"column":73}},"28":{"start":{"line":62,"column":27},"end":{"line":62,"column":87}},"29":{"start":{"line":63,"column":26},"end":{"line":63,"column":92}},"30":{"start":{"line":64,"column":28},"end":{"line":64,"column":94}},"31":{"start":{"line":65,"column":30},"end":{"line":65,"column":91}},"32":{"start":{"line":66,"column":27},"end":{"line":66,"column":98}},"33":{"start":{"line":67,"column":27},"end":{"line":67,"column":91}},"34":{"start":{"line":69,"column":10},"end":{"line":83,"column":13}},"35":{"start":{"line":86,"column":8},"end":{"line":86,"column":21}},"36":{"start":{"line":90,"column":25},"end":{"line":90,"column":48}},"37":{"start":{"line":91,"column":6},"end":{"line":124,"column":7}},"38":{"start":{"line":92,"column":8},"end":{"line":123,"column":9}},"39":{"start":{"line":93,"column":10},"end":{"line":122,"column":11}},"40":{"start":{"line":94,"column":12},"end":{"line":94,"column":82}},"41":{"start":{"line":95,"column":12},"end":{"line":95,"column":80}},"42":{"start":{"line":97,"column":30},"end":{"line":116,"column":14}},"43":{"start":{"line":98,"column":31},"end":{"line":108,"column":15}},"44":{"start":{"line":99,"column":34},"end":{"line":99,"column":80}},"45":{"start":{"line":100,"column":16},"end":{"line":106,"column":17}},"46":{"start":{"line":101,"column":29},"end":{"line":101,"column":52}},"47":{"start":{"line":102,"column":29},"end":{"line":102,"column":52}},"48":{"start":{"line":103,"column":18},"end":{"line":105,"column":19}},"49":{"start":{"line":104,"column":20},"end":{"line":104,"column":59}},"50":{"start":{"line":107,"column":16},"end":{"line":107,"column":28}},"51":{"start":{"line":110,"column":14},"end":{"line":115,"column":16}},"52":{"start":{"line":118,"column":12},"end":{"line":118,"column":45}},"53":{"start":{"line":120,"column":12},"end":{"line":120,"column":75}},"54":{"start":{"line":121,"column":12},"end":{"line":121,"column":39}},"55":{"start":{"line":125,"column":6},"end":{"line":125,"column":31}},"56":{"start":{"line":127,"column":6},"end":{"line":130,"column":7}},"57":{"start":{"line":128,"column":8},"end":{"line":128,"column":77}},"58":{"start":{"line":129,"column":8},"end":{"line":129,"column":14}},"59":{"start":{"line":132,"column":6},"end":{"line":132,"column":34}},"60":{"start":{"line":134,"column":6},"end":{"line":134,"column":83}},"61":{"start":{"line":136,"column":6},"end":{"line":136,"column":19}},"62":{"start":{"line":137,"column":6},"end":{"line":140,"column":7}},"63":{"start":{"line":138,"column":8},"end":{"line":138,"column":60}},"64":{"start":{"line":139,"column":8},"end":{"line":139,"column":14}},"65":{"start":{"line":143,"column":4},"end":{"line":143,"column":67}},"66":{"start":{"line":146,"column":22},"end":{"line":146,"column":68}},"67":{"start":{"line":147,"column":21},"end":{"line":147,"column":52}},"68":{"start":{"line":149,"column":23},"end":{"line":154,"column":6}},"69":{"start":{"line":156,"column":4},"end":{"line":156,"column":30}},"70":{"start":{"line":157,"column":4},"end":{"line":157,"column":74}},"71":{"start":{"line":159,"column":4},"end":{"line":166,"column":6}},"72":{"start":{"line":168,"column":4},"end":{"line":168,"column":44}},"73":{"start":{"line":169,"column":4},"end":{"line":172,"column":6}},"74":{"start":{"line":174,"column":4},"end":{"line":176,"column":5}},"75":{"start":{"line":175,"column":6},"end":{"line":175,"column":28}}},"fnMap":{"0":{"name":"(anonymous_0)","decl":{"start":{"line":22,"column":29},"end":{"line":22,"column":30}},"loc":{"start":{"line":22,"column":55},"end":{"line":178,"column":1}},"line":22},"1":{"name":"(anonymous_1)","decl":{"start":{"line":51,"column":45},"end":{"line":51,"column":46}},"loc":{"start":{"line":51,"column":51},"end":{"line":87,"column":7}},"line":51},"2":{"name":"(anonymous_2)","decl":{"start":{"line":55,"column":31},"end":{"line":55,"column":32}},"loc":{"start":{"line":55,"column":39},"end":{"line":84,"column":9}},"line":55},"3":{"name":"(anonymous_3)","decl":{"start":{"line":97,"column":56},"end":{"line":97,"column":57}},"loc":{"start":{"line":97,"column":62},"end":{"line":116,"column":13}},"line":97},"4":{"name":"(anonymous_4)","decl":{"start":{"line":98,"column":31},"end":{"line":98,"column":32}},"loc":{"start":{"line":98,"column":42},"end":{"line":108,"column":15}},"line":98}},"branchMap":{"0":{"loc":{"start":{"line":57,"column":10},"end":{"line":57,"column":37}},"type":"if","locations":[{"start":{"line":57,"column":10},"end":{"line":57,"column":37}},{"start":{},"end":{}}],"line":57},"1":{"loc":{"start":{"line":66,"column":27},"end":{"line":66,"column":98}},"type":"cond-expr","locations":[{"start":{"line":66,"column":41},"end":{"line":66,"column":91}},{"start":{"line":66,"column":94},"end":{"line":66,"column":98}}],"line":66},"2":{"loc":{"start":{"line":78,"column":26},"end":{"line":82,"column":20}},"type":"cond-expr","locations":[{"start":{"line":79,"column":16},"end":{"line":81,"column":65}},{"start":{"line":82,"column":16},"end":{"line":82,"column":20}}],"line":78},"3":{"loc":{"start":{"line":79,"column":16},"end":{"line":81,"column":65}},"type":"cond-expr","locations":[{"start":{"line":80,"column":18},"end":{"line":80,"column":26}},{"start":{"line":81,"column":18},"end":{"line":81,"column":65}}],"line":79},"4":{"loc":{"start":{"line":92,"column":8},"end":{"line":123,"column":9}},"type":"if","locations":[{"start":{"line":92,"column":8},"end":{"line":123,"column":9}},{"start":{},"end":{}}],"line":92},"5":{"loc":{"start":{"line":103,"column":18},"end":{"line":105,"column":19}},"type":"if","locations":[{"start":{"line":103,"column":18},"end":{"line":105,"column":19}},{"start":{},"end":{}}],"line":103},"6":{"loc":{"start":{"line":103,"column":22},"end":{"line":103,"column":93}},"type":"binary-expr","locations":[{"start":{"line":103,"column":22},"end":{"line":103,"column":24}},{"start":{"line":103,"column":28},"end":{"line":103,"column":93}}],"line":103},"7":{"loc":{"start":{"line":104,"column":27},"end":{"line":104,"column":58}},"type":"binary-expr","locations":[{"start":{"line":104,"column":27},"end":{"line":104,"column":50}},{"start":{"line":104,"column":54},"end":{"line":104,"column":58}}],"line":104},"8":{"loc":{"start":{"line":127,"column":6},"end":{"line":130,"column":7}},"type":"if","locations":[{"start":{"line":127,"column":6},"end":{"line":130,"column":7}},{"start":{},"end":{}}],"line":127},"9":{"loc":{"start":{"line":137,"column":6},"end":{"line":140,"column":7}},"type":"if","locations":[{"start":{"line":137,"column":6},"end":{"line":140,"column":7}},{"start":{},"end":{}}],"line":137},"10":{"loc":{"start":{"line":174,"column":4},"end":{"line":176,"column":5}},"type":"if","locations":[{"start":{"line":174,"column":4},"end":{"line":176,"column":5}},{"start":{},"end":{}}],"line":174}},"s":{"0":1,"1":1,"2":1,"3":2,"4":2,"5":2,"6":2,"7":1,"8":1,"9":1,"10":1,"11":1,"12":1,"13":1,"14":1,"15":1,"16":0,"17":0,"18":1,"19":0,"20":0,"21":0,"22":0,"23":0,"24":0,"25":0,"26":0,"27":0,"28":0,"29":0,"30":0,"31":0,"32":0,"33":0,"34":0,"35":0,"36":1,"37":1,"38":0,"39":0,"40":0,"41":0,"42":0,"43":0,"44":0,"45":0,"46":0,"47":0,"48":0,"49":0,"50":0,"51":0,"52":0,"53":0,"54":0,"55":1,"56":1,"57":1,"58":1,"59":0,"60":0,"61":0,"62":0,"63":0,"64":0,"65":1,"66":1,"67":1,"68":1,"69":1,"70":1,"71":1,"72":1,"73":1,"74":2,"75":1},"f":{"0":2,"1":0,"2":0,"3":0,"4":0},"b":{"0":[0,0],"1":[0,0],"2":[0,0],"3":[0,0],"4":[0,0],"5":[0,0],"6":[0,0],"7":[0,0],"8":[1,0],"9":[0,0],"10":[1,1]},"_coverageSchema":"1a1c01bbd47fc00a2c39e90264f33305004495a9","hash":"71a023dd0b8b433fbda24ffe3557ea10cecd9cfb"}
,"C:\\Users\\Hamza\\Desktop\\TenderToolBackend\\lambdas\\sanral-scraper\\index.mjs": {"path":"C:\\Users\\Hamza\\Desktop\\TenderToolBackend\\lambdas\\sanral-scraper\\index.mjs","statementMap":{"0":{"start":{"line":19,"column":11},"end":{"line":19,"column":49}},"1":{"start":{"line":20,"column":20},"end":{"line":20,"column":43}},"2":{"start":{"line":22,"column":29},"end":{"line":173,"column":1}},"3":{"start":{"line":23,"column":16},"end":{"line":23,"column":20}},"4":{"start":{"line":25,"column":2},"end":{"line":172,"column":3}},"5":{"start":{"line":26,"column":4},"end":{"line":26,"column":54}},"6":{"start":{"line":28,"column":4},"end":{"line":34,"column":7}},"7":{"start":{"line":36,"column":17},"end":{"line":36,"column":40}},"8":{"start":{"line":37,"column":4},"end":{"line":37,"column":44}},"9":{"start":{"line":38,"column":4},"end":{"line":38,"column":34}},"10":{"start":{"line":41,"column":4},"end":{"line":44,"column":7}},"11":{"start":{"line":46,"column":4},"end":{"line":46,"column":83}},"12":{"start":{"line":47,"column":4},"end":{"line":47,"column":106}},"13":{"start":{"line":49,"column":23},"end":{"line":52,"column":6}},"14":{"start":{"line":50,"column":24},"end":{"line":50,"column":104}},"15":{"start":{"line":51,"column":6},"end":{"line":51,"column":30}},"16":{"start":{"line":54,"column":23},"end":{"line":54,"column":25}},"17":{"start":{"line":57,"column":4},"end":{"line":100,"column":5}},"18":{"start":{"line":57,"column":25},"end":{"line":57,"column":26}},"19":{"start":{"line":58,"column":22},"end":{"line":78,"column":8}},"20":{"start":{"line":59,"column":21},"end":{"line":59,"column":78}},"21":{"start":{"line":60,"column":28},"end":{"line":60,"column":30}},"22":{"start":{"line":62,"column":8},"end":{"line":75,"column":11}},"23":{"start":{"line":63,"column":24},"end":{"line":63,"column":50}},"24":{"start":{"line":64,"column":10},"end":{"line":74,"column":11}},"25":{"start":{"line":65,"column":12},"end":{"line":73,"column":15}},"26":{"start":{"line":77,"column":8},"end":{"line":77,"column":27}},"27":{"start":{"line":80,"column":6},"end":{"line":80,"column":34}},"28":{"start":{"line":83,"column":6},"end":{"line":99,"column":7}},"29":{"start":{"line":84,"column":33},"end":{"line":87,"column":10}},"30":{"start":{"line":85,"column":27},"end":{"line":85,"column":81}},"31":{"start":{"line":86,"column":10},"end":{"line":86,"column":52}},"32":{"start":{"line":89,"column":8},"end":{"line":89,"column":112}},"33":{"start":{"line":91,"column":8},"end":{"line":98,"column":10}},"34":{"start":{"line":93,"column":29},"end":{"line":93,"column":83}},"35":{"start":{"line":94,"column":12},"end":{"line":94,"column":63}},"36":{"start":{"line":103,"column":4},"end":{"line":136,"column":5}},"37":{"start":{"line":103,"column":17},"end":{"line":103,"column":18}},"38":{"start":{"line":104,"column":21},"end":{"line":104,"column":34}},"39":{"start":{"line":105,"column":6},"end":{"line":105,"column":39}},"40":{"start":{"line":105,"column":30},"end":{"line":105,"column":39}},"41":{"start":{"line":107,"column":6},"end":{"line":107,"column":88}},"42":{"start":{"line":108,"column":6},"end":{"line":108,"column":59}},"43":{"start":{"line":110,"column":22},"end":{"line":133,"column":8}},"44":{"start":{"line":111,"column":23},"end":{"line":111,"column":66}},"45":{"start":{"line":112,"column":8},"end":{"line":112,"column":40}},"46":{"start":{"line":112,"column":28},"end":{"line":112,"column":40}},"47":{"start":{"line":114,"column":23},"end":{"line":116,"column":9}},"48":{"start":{"line":115,"column":10},"end":{"line":115,"column":71}},"49":{"start":{"line":118,"column":25},"end":{"line":120,"column":44}},"50":{"start":{"line":119,"column":22},"end":{"line":119,"column":40}},"51":{"start":{"line":120,"column":28},"end":{"line":120,"column":43}},"52":{"start":{"line":122,"column":8},"end":{"line":127,"column":9}},"53":{"start":{"line":123,"column":10},"end":{"line":126,"column":47}},"54":{"start":{"line":125,"column":27},"end":{"line":125,"column":38}},"55":{"start":{"line":126,"column":30},"end":{"line":126,"column":45}},"56":{"start":{"line":129,"column":8},"end":{"line":132,"column":10}},"57":{"start":{"line":135,"column":6},"end":{"line":135,"column":31}},"58":{"start":{"line":138,"column":4},"end":{"line":138,"column":63}},"59":{"start":{"line":141,"column":22},"end":{"line":141,"column":68}},"60":{"start":{"line":142,"column":21},"end":{"line":142,"column":54}},"61":{"start":{"line":144,"column":23},"end":{"line":149,"column":6}},"62":{"start":{"line":151,"column":4},"end":{"line":151,"column":30}},"63":{"start":{"line":152,"column":4},"end":{"line":152,"column":74}},"64":{"start":{"line":154,"column":4},"end":{"line":161,"column":6}},"65":{"start":{"line":163,"column":4},"end":{"line":163,"column":49}},"66":{"start":{"line":164,"column":4},"end":{"line":167,"column":6}},"67":{"start":{"line":169,"column":4},"end":{"line":171,"column":5}},"68":{"start":{"line":170,"column":6},"end":{"line":170,"column":28}}},"fnMap":{"0":{"name":"(anonymous_0)","decl":{"start":{"line":22,"column":29},"end":{"line":22,"column":30}},"loc":{"start":{"line":22,"column":55},"end":{"line":173,"column":1}},"line":22},"1":{"name":"(anonymous_1)","decl":{"start":{"line":49,"column":43},"end":{"line":49,"column":44}},"loc":{"start":{"line":49,"column":49},"end":{"line":52,"column":5}},"line":49},"2":{"name":"(anonymous_2)","decl":{"start":{"line":58,"column":42},"end":{"line":58,"column":43}},"loc":{"start":{"line":58,"column":48},"end":{"line":78,"column":7}},"line":58},"3":{"name":"(anonymous_3)","decl":{"start":{"line":62,"column":21},"end":{"line":62,"column":22}},"loc":{"start":{"line":62,"column":30},"end":{"line":75,"column":9}},"line":62},"4":{"name":"(anonymous_4)","decl":{"start":{"line":84,"column":53},"end":{"line":84,"column":54}},"loc":{"start":{"line":84,"column":59},"end":{"line":87,"column":9}},"line":84},"5":{"name":"(anonymous_5)","decl":{"start":{"line":92,"column":10},"end":{"line":92,"column":11}},"loc":{"start":{"line":92,"column":24},"end":{"line":95,"column":11}},"line":92},"6":{"name":"(anonymous_6)","decl":{"start":{"line":110,"column":42},"end":{"line":110,"column":43}},"loc":{"start":{"line":110,"column":48},"end":{"line":133,"column":7}},"line":110},"7":{"name":"(anonymous_7)","decl":{"start":{"line":114,"column":37},"end":{"line":114,"column":38}},"loc":{"start":{"line":115,"column":10},"end":{"line":115,"column":71}},"line":115},"8":{"name":"(anonymous_8)","decl":{"start":{"line":119,"column":15},"end":{"line":119,"column":16}},"loc":{"start":{"line":119,"column":22},"end":{"line":119,"column":40}},"line":119},"9":{"name":"(anonymous_9)","decl":{"start":{"line":120,"column":18},"end":{"line":120,"column":19}},"loc":{"start":{"line":120,"column":28},"end":{"line":120,"column":43}},"line":120},"10":{"name":"(anonymous_10)","decl":{"start":{"line":125,"column":17},"end":{"line":125,"column":18}},"loc":{"start":{"line":125,"column":27},"end":{"line":125,"column":38}},"line":125},"11":{"name":"(anonymous_11)","decl":{"start":{"line":126,"column":20},"end":{"line":126,"column":21}},"loc":{"start":{"line":126,"column":30},"end":{"line":126,"column":45}},"line":126}},"branchMap":{"0":{"loc":{"start":{"line":64,"column":10},"end":{"line":74,"column":11}},"type":"if","locations":[{"start":{"line":64,"column":10},"end":{"line":74,"column":11}},{"start":{},"end":{}}],"line":64},"1":{"loc":{"start":{"line":66,"column":53},"end":{"line":66,"column":109}},"type":"binary-expr","locations":[{"start":{"line":66,"column":53},"end":{"line":66,"column":103}},{"start":{"line":66,"column":107},"end":{"line":66,"column":109}}],"line":66},"2":{"loc":{"start":{"line":83,"column":6},"end":{"line":99,"column":7}},"type":"if","locations":[{"start":{"line":83,"column":6},"end":{"line":99,"column":7}},{"start":{},"end":{}}],"line":83},"3":{"loc":{"start":{"line":86,"column":17},"end":{"line":86,"column":51}},"type":"cond-expr","locations":[{"start":{"line":86,"column":28},"end":{"line":86,"column":46}},{"start":{"line":86,"column":49},"end":{"line":86,"column":51}}],"line":86},"4":{"loc":{"start":{"line":94,"column":19},"end":{"line":94,"column":62}},"type":"binary-expr","locations":[{"start":{"line":94,"column":19},"end":{"line":94,"column":27}},{"start":{"line":94,"column":31},"end":{"line":94,"column":62}}],"line":94},"5":{"loc":{"start":{"line":105,"column":6},"end":{"line":105,"column":39}},"type":"if","locations":[{"start":{"line":105,"column":6},"end":{"line":105,"column":39}},{"start":{},"end":{}}],"line":105},"6":{"loc":{"start":{"line":112,"column":8},"end":{"line":112,"column":40}},"type":"if","locations":[{"start":{"line":112,"column":8},"end":{"line":112,"column":40}},{"start":{},"end":{}}],"line":112},"7":{"loc":{"start":{"line":115,"column":10},"end":{"line":115,"column":71}},"type":"cond-expr","locations":[{"start":{"line":115,"column":66},"end":{"line":115,"column":67}},{"start":{"line":115,"column":70},"end":{"line":115,"column":71}}],"line":115},"8":{"loc":{"start":{"line":122,"column":8},"end":{"line":127,"column":9}},"type":"if","locations":[{"start":{"line":122,"column":8},"end":{"line":127,"column":9}},{"start":{},"end":{}}],"line":122},"9":{"loc":{"start":{"line":169,"column":4},"end":{"line":171,"column":5}},"type":"if","locations":[{"start":{"line":169,"column":4},"end":{"line":171,"column":5}},{"start":{},"end":{}}],"line":169}},"s":{"0":1,"1":1,"2":1,"3":1,"4":1,"5":1,"6":1,"7":1,"8":1,"9":1,"10":1,"11":1,"12":1,"13":1,"14":0,"15":0,"16":1,"17":1,"18":1,"19":0,"20":0,"21":0,"22":0,"23":0,"24":0,"25":0,"26":0,"27":0,"28":0,"29":0,"30":0,"31":0,"32":0,"33":0,"34":0,"35":0,"36":1,"37":1,"38":0,"39":0,"40":0,"41":0,"42":0,"43":0,"44":0,"45":0,"46":0,"47":0,"48":0,"49":0,"50":0,"51":0,"52":0,"53":0,"54":0,"55":0,"56":0,"57":0,"58":1,"59":1,"60":1,"61":1,"62":1,"63":1,"64":1,"65":0,"66":0,"67":1,"68":1},"f":{"0":1,"1":0,"2":0,"3":0,"4":0,"5":0,"6":0,"7":0,"8":0,"9":0,"10":0,"11":0},"b":{"0":[0,0],"1":[0,0],"2":[0,0],"3":[0,0],"4":[0,0],"5":[0,0],"6":[0,0],"7":[0,0],"8":[0,0],"9":[1,0]},"_coverageSchema":"1a1c01bbd47fc00a2c39e90264f33305004495a9","hash":"4cbf0a091e85bdc1e515ef4ee21c5e81c5d64b3d"}
,"C:\\Users\\Hamza\\Desktop\\TenderToolBackend\\lambdas\\transnet-scraper\\index.mjs": {"path":"C:\\Users\\Hamza\\Desktop\\TenderToolBackend\\lambdas\\transnet-scraper\\index.mjs","statementMap":{"0":{"start":{"line":19,"column":11},"end":{"line":19,"column":49}},"1":{"start":{"line":20,"column":20},"end":{"line":20,"column":43}},"2":{"start":{"line":22,"column":29},"end":{"line":207,"column":1}},"3":{"start":{"line":23,"column":16},"end":{"line":23,"column":20}},"4":{"start":{"line":24,"column":2},"end":{"line":206,"column":3}},"5":{"start":{"line":25,"column":4},"end":{"line":25,"column":54}},"6":{"start":{"line":28,"column":4},"end":{"line":33,"column":7}},"7":{"start":{"line":35,"column":17},"end":{"line":35,"column":40}},"8":{"start":{"line":36,"column":4},"end":{"line":38,"column":7}},"9":{"start":{"line":39,"column":4},"end":{"line":39,"column":63}},"10":{"start":{"line":41,"column":23},"end":{"line":41,"column":25}},"11":{"start":{"line":42,"column":20},"end":{"line":42,"column":21}},"12":{"start":{"line":45,"column":4},"end":{"line":108,"column":5}},"13":{"start":{"line":46,"column":6},"end":{"line":46,"column":51}},"14":{"start":{"line":48,"column":22},"end":{"line":70,"column":8}},"15":{"start":{"line":49,"column":21},"end":{"line":49,"column":78}},"16":{"start":{"line":50,"column":28},"end":{"line":50,"column":30}},"17":{"start":{"line":52,"column":8},"end":{"line":67,"column":11}},"18":{"start":{"line":53,"column":24},"end":{"line":53,"column":50}},"19":{"start":{"line":54,"column":10},"end":{"line":66,"column":11}},"20":{"start":{"line":55,"column":12},"end":{"line":65,"column":15}},"21":{"start":{"line":69,"column":8},"end":{"line":69,"column":27}},"22":{"start":{"line":72,"column":6},"end":{"line":72,"column":79}},"23":{"start":{"line":73,"column":6},"end":{"line":73,"column":34}},"24":{"start":{"line":76,"column":25},"end":{"line":76,"column":65}},"25":{"start":{"line":77,"column":6},"end":{"line":77,"column":29}},"26":{"start":{"line":77,"column":23},"end":{"line":77,"column":29}},"27":{"start":{"line":79,"column":25},"end":{"line":82,"column":7}},"28":{"start":{"line":80,"column":16},"end":{"line":80,"column":50}},"29":{"start":{"line":83,"column":6},"end":{"line":86,"column":7}},"30":{"start":{"line":84,"column":8},"end":{"line":84,"column":69}},"31":{"start":{"line":85,"column":8},"end":{"line":85,"column":14}},"32":{"start":{"line":89,"column":31},"end":{"line":92,"column":8}},"33":{"start":{"line":90,"column":25},"end":{"line":90,"column":79}},"34":{"start":{"line":91,"column":8},"end":{"line":91,"column":50}},"35":{"start":{"line":94,"column":6},"end":{"line":105,"column":9}},"36":{"start":{"line":98,"column":29},"end":{"line":98,"column":83}},"37":{"start":{"line":99,"column":12},"end":{"line":99,"column":40}},"38":{"start":{"line":99,"column":27},"end":{"line":99,"column":40}},"39":{"start":{"line":100,"column":12},"end":{"line":100,"column":51}},"40":{"start":{"line":107,"column":6},"end":{"line":107,"column":18}},"41":{"start":{"line":110,"column":4},"end":{"line":110,"column":82}},"42":{"start":{"line":113,"column":4},"end":{"line":170,"column":5}},"43":{"start":{"line":113,"column":17},"end":{"line":113,"column":18}},"44":{"start":{"line":114,"column":21},"end":{"line":114,"column":34}},"45":{"start":{"line":115,"column":6},"end":{"line":115,"column":40}},"46":{"start":{"line":115,"column":31},"end":{"line":115,"column":40}},"47":{"start":{"line":117,"column":6},"end":{"line":117,"column":73}},"48":{"start":{"line":118,"column":6},"end":{"line":118,"column":52}},"49":{"start":{"line":120,"column":22},"end":{"line":167,"column":8}},"50":{"start":{"line":121,"column":24},"end":{"line":122,"column":68}},"51":{"start":{"line":122,"column":10},"end":{"line":122,"column":68}},"52":{"start":{"line":124,"column":28},"end":{"line":156,"column":9}},"53":{"start":{"line":158,"column":26},"end":{"line":158,"column":28}},"54":{"start":{"line":159,"column":8},"end":{"line":164,"column":11}},"55":{"start":{"line":160,"column":10},"end":{"line":163,"column":13}},"56":{"start":{"line":166,"column":8},"end":{"line":166,"column":45}},"57":{"start":{"line":169,"column":6},"end":{"line":169,"column":31}},"58":{"start":{"line":172,"column":4},"end":{"line":172,"column":76}},"59":{"start":{"line":175,"column":22},"end":{"line":175,"column":68}},"60":{"start":{"line":176,"column":21},"end":{"line":176,"column":58}},"61":{"start":{"line":178,"column":23},"end":{"line":183,"column":6}},"62":{"start":{"line":185,"column":4},"end":{"line":185,"column":30}},"63":{"start":{"line":186,"column":4},"end":{"line":186,"column":76}},"64":{"start":{"line":188,"column":4},"end":{"line":195,"column":6}},"65":{"start":{"line":197,"column":4},"end":{"line":197,"column":43}},"66":{"start":{"line":198,"column":4},"end":{"line":201,"column":6}},"67":{"start":{"line":203,"column":4},"end":{"line":205,"column":5}},"68":{"start":{"line":204,"column":6},"end":{"line":204,"column":28}}},"fnMap":{"0":{"name":"(anonymous_0)","decl":{"start":{"line":22,"column":29},"end":{"line":22,"column":30}},"loc":{"start":{"line":22,"column":55},"end":{"line":207,"column":1}},"line":22},"1":{"name":"(anonymous_1)","decl":{"start":{"line":48,"column":42},"end":{"line":48,"column":43}},"loc":{"start":{"line":48,"column":48},"end":{"line":70,"column":7}},"line":48},"2":{"name":"(anonymous_2)","decl":{"start":{"line":52,"column":21},"end":{"line":52,"column":22}},"loc":{"start":{"line":52,"column":30},"end":{"line":67,"column":9}},"line":52},"3":{"name":"(anonymous_3)","decl":{"start":{"line":80,"column":8},"end":{"line":80,"column":9}},"loc":{"start":{"line":80,"column":16},"end":{"line":80,"column":50}},"line":80},"4":{"name":"(anonymous_4)","decl":{"start":{"line":89,"column":51},"end":{"line":89,"column":52}},"loc":{"start":{"line":89,"column":57},"end":{"line":92,"column":7}},"line":89},"5":{"name":"(anonymous_5)","decl":{"start":{"line":97,"column":10},"end":{"line":97,"column":11}},"loc":{"start":{"line":97,"column":24},"end":{"line":101,"column":11}},"line":97},"6":{"name":"(anonymous_6)","decl":{"start":{"line":120,"column":42},"end":{"line":120,"column":43}},"loc":{"start":{"line":120,"column":48},"end":{"line":167,"column":7}},"line":120},"7":{"name":"(anonymous_7)","decl":{"start":{"line":121,"column":24},"end":{"line":121,"column":25}},"loc":{"start":{"line":122,"column":10},"end":{"line":122,"column":68}},"line":122},"8":{"name":"(anonymous_8)","decl":{"start":{"line":159,"column":69},"end":{"line":159,"column":70}},"loc":{"start":{"line":159,"column":76},"end":{"line":164,"column":9}},"line":159}},"branchMap":{"0":{"loc":{"start":{"line":54,"column":10},"end":{"line":66,"column":11}},"type":"if","locations":[{"start":{"line":54,"column":10},"end":{"line":66,"column":11}},{"start":{},"end":{}}],"line":54},"1":{"loc":{"start":{"line":64,"column":17},"end":{"line":64,"column":73}},"type":"binary-expr","locations":[{"start":{"line":64,"column":17},"end":{"line":64,"column":67}},{"start":{"line":64,"column":71},"end":{"line":64,"column":73}}],"line":64},"2":{"loc":{"start":{"line":77,"column":6},"end":{"line":77,"column":29}},"type":"if","locations":[{"start":{"line":77,"column":6},"end":{"line":77,"column":29}},{"start":{},"end":{}}],"line":77},"3":{"loc":{"start":{"line":83,"column":6},"end":{"line":86,"column":7}},"type":"if","locations":[{"start":{"line":83,"column":6},"end":{"line":86,"column":7}},{"start":{},"end":{}}],"line":83},"4":{"loc":{"start":{"line":91,"column":15},"end":{"line":91,"column":49}},"type":"cond-expr","locations":[{"start":{"line":91,"column":26},"end":{"line":91,"column":44}},{"start":{"line":91,"column":47},"end":{"line":91,"column":49}}],"line":91},"5":{"loc":{"start":{"line":99,"column":12},"end":{"line":99,"column":40}},"type":"if","locations":[{"start":{"line":99,"column":12},"end":{"line":99,"column":40}},{"start":{},"end":{}}],"line":99},"6":{"loc":{"start":{"line":115,"column":6},"end":{"line":115,"column":40}},"type":"if","locations":[{"start":{"line":115,"column":6},"end":{"line":115,"column":40}},{"start":{},"end":{}}],"line":115},"7":{"loc":{"start":{"line":122,"column":10},"end":{"line":122,"column":68}},"type":"binary-expr","locations":[{"start":{"line":122,"column":10},"end":{"line":122,"column":60}},{"start":{"line":122,"column":64},"end":{"line":122,"column":68}}],"line":122},"8":{"loc":{"start":{"line":131,"column":12},"end":{"line":132,"column":40}},"type":"binary-expr","locations":[{"start":{"line":131,"column":12},"end":{"line":132,"column":32}},{"start":{"line":132,"column":36},"end":{"line":132,"column":40}}],"line":131},"9":{"loc":{"start":{"line":134,"column":12},"end":{"line":135,"column":40}},"type":"binary-expr","locations":[{"start":{"line":134,"column":12},"end":{"line":135,"column":32}},{"start":{"line":135,"column":36},"end":{"line":135,"column":40}}],"line":134},"10":{"loc":{"start":{"line":137,"column":12},"end":{"line":138,"column":40}},"type":"binary-expr","locations":[{"start":{"line":137,"column":12},"end":{"line":138,"column":32}},{"start":{"line":138,"column":36},"end":{"line":138,"column":40}}],"line":137},"11":{"loc":{"start":{"line":142,"column":12},"end":{"line":143,"column":40}},"type":"binary-expr","locations":[{"start":{"line":142,"column":12},"end":{"line":143,"column":32}},{"start":{"line":143,"column":36},"end":{"line":143,"column":40}}],"line":142},"12":{"loc":{"start":{"line":145,"column":12},"end":{"line":146,"column":40}},"type":"binary-expr","locations":[{"start":{"line":145,"column":12},"end":{"line":146,"column":32}},{"start":{"line":146,"column":36},"end":{"line":146,"column":40}}],"line":145},"13":{"loc":{"start":{"line":148,"column":12},"end":{"line":149,"column":40}},"type":"binary-expr","locations":[{"start":{"line":148,"column":12},"end":{"line":149,"column":32}},{"start":{"line":149,"column":36},"end":{"line":149,"column":40}}],"line":148},"14":{"loc":{"start":{"line":151,"column":12},"end":{"line":152,"column":40}},"type":"binary-expr","locations":[{"start":{"line":151,"column":12},"end":{"line":152,"column":32}},{"start":{"line":152,"column":36},"end":{"line":152,"column":40}}],"line":151},"15":{"loc":{"start":{"line":154,"column":12},"end":{"line":155,"column":40}},"type":"binary-expr","locations":[{"start":{"line":154,"column":12},"end":{"line":155,"column":32}},{"start":{"line":155,"column":36},"end":{"line":155,"column":40}}],"line":154},"16":{"loc":{"start":{"line":203,"column":4},"end":{"line":205,"column":5}},"type":"if","locations":[{"start":{"line":203,"column":4},"end":{"line":205,"column":5}},{"start":{},"end":{}}],"line":203}},"s":{"0":1,"1":1,"2":1,"3":1,"4":1,"5":1,"6":1,"7":1,"8":1,"9":1,"10":1,"11":1,"12":1,"13":1,"14":1,"15":0,"16":0,"17":0,"18":0,"19":0,"20":0,"21":0,"22":1,"23":1,"24":1,"25":1,"26":0,"27":1,"28":0,"29":1,"30":1,"31":1,"32":0,"33":0,"34":0,"35":0,"36":0,"37":0,"38":0,"39":0,"40":0,"41":1,"42":1,"43":1,"44":0,"45":0,"46":0,"47":0,"48":0,"49":0,"50":0,"51":0,"52":0,"53":0,"54":0,"55":0,"56":0,"57":0,"58":1,"59":1,"60":1,"61":1,"62":1,"63":1,"64":1,"65":0,"66":0,"67":1,"68":1},"f":{"0":1,"1":0,"2":0,"3":0,"4":0,"5":0,"6":0,"7":0,"8":0},"b":{"0":[0,0],"1":[0,0],"2":[0,1],"3":[1,0],"4":[0,0],"5":[0,0],"6":[0,0],"7":[0,0],"8":[0,0],"9":[0,0],"10":[0,0],"11":[0,0],"12":[0,0],"13":[0,0],"14":[0,0],"15":[0,0],"16":[1,0]},"_coverageSchema":"1a1c01bbd47fc00a2c39e90264f33305004495a9","hash":"5a5a08a5eb7cbfc1a00a607cb549d72de16f4246"}
}
