TN:
SF:lambdas\eskom-scraper\index.mjs
FN:22,(anonymous_0)
FN:51,(anonymous_1)
FN:55,(anonymous_2)
FN:97,(anonymous_3)
FN:98,(anonymous_4)
FNF:5
FNH:1
FNDA:2,(anonymous_0)
FNDA:0,(anonymous_1)
FNDA:0,(anonymous_2)
FNDA:0,(anonymous_3)
FNDA:0,(anonymous_4)
DA:19,1
DA:20,1
DA:22,1
DA:23,2
DA:25,2
DA:26,2
DA:28,2
DA:35,1
DA:36,1
DA:37,1
DA:39,1
DA:40,1
DA:41,1
DA:42,1
DA:44,1
DA:45,1
DA:47,0
DA:48,0
DA:51,1
DA:52,0
DA:53,0
DA:55,0
DA:56,0
DA:57,0
DA:59,0
DA:60,0
DA:61,0
DA:62,0
DA:63,0
DA:64,0
DA:65,0
DA:66,0
DA:67,0
DA:69,0
DA:86,0
DA:90,1
DA:91,1
DA:92,0
DA:93,0
DA:94,0
DA:95,0
DA:97,0
DA:98,0
DA:99,0
DA:100,0
DA:101,0
DA:102,0
DA:103,0
DA:104,0
DA:107,0
DA:110,0
DA:118,0
DA:120,0
DA:121,0
DA:125,1
DA:127,1
DA:128,1
DA:129,1
DA:132,0
DA:134,0
DA:136,0
DA:137,0
DA:138,0
DA:139,0
DA:143,1
DA:146,1
DA:147,1
DA:149,1
DA:156,1
DA:157,1
DA:159,1
DA:168,1
DA:169,1
DA:174,2
DA:175,1
LF:75
LH:34
BRDA:57,0,0,0
BRDA:57,0,1,0
BRDA:66,1,0,0
BRDA:66,1,1,0
BRDA:78,2,0,0
BRDA:78,2,1,0
BRDA:79,3,0,0
BRDA:79,3,1,0
BRDA:92,4,0,0
BRDA:92,4,1,0
BRDA:103,5,0,0
BRDA:103,5,1,0
BRDA:103,6,0,0
BRDA:103,6,1,0
BRDA:104,7,0,0
BRDA:104,7,1,0
BRDA:127,8,0,1
BRDA:127,8,1,0
BRDA:137,9,0,0
BRDA:137,9,1,0
BRDA:174,10,0,1
BRDA:174,10,1,1
BRF:22
BRH:3
end_of_record
TN:
SF:lambdas\sanral-scraper\index.mjs
FN:22,(anonymous_0)
FN:49,(anonymous_1)
FN:58,(anonymous_2)
FN:62,(anonymous_3)
FN:84,(anonymous_4)
FN:92,(anonymous_5)
FN:110,(anonymous_6)
FN:114,(anonymous_7)
FN:119,(anonymous_8)
FN:120,(anonymous_9)
FN:125,(anonymous_10)
FN:126,(anonymous_11)
FNF:12
FNH:1
FNDA:1,(anonymous_0)
FNDA:0,(anonymous_1)
FNDA:0,(anonymous_2)
FNDA:0,(anonymous_3)
FNDA:0,(anonymous_4)
FNDA:0,(anonymous_5)
FNDA:0,(anonymous_6)
FNDA:0,(anonymous_7)
FNDA:0,(anonymous_8)
FNDA:0,(anonymous_9)
FNDA:0,(anonymous_10)
FNDA:0,(anonymous_11)
DA:19,1
DA:20,1
DA:22,1
DA:23,1
DA:25,1
DA:26,1
DA:28,1
DA:36,1
DA:37,1
DA:38,1
DA:41,1
DA:46,1
DA:47,1
DA:49,1
DA:50,0
DA:51,0
DA:54,1
DA:57,1
DA:58,0
DA:59,0
DA:60,0
DA:62,0
DA:63,0
DA:64,0
DA:65,0
DA:77,0
DA:80,0
DA:83,0
DA:84,0
DA:85,0
DA:86,0
DA:89,0
DA:91,0
DA:93,0
DA:94,0
DA:103,1
DA:104,0
DA:105,0
DA:107,0
DA:108,0
DA:110,0
DA:111,0
DA:112,0
DA:114,0
DA:115,0
DA:118,0
DA:119,0
DA:120,0
DA:122,0
DA:123,0
DA:125,0
DA:126,0
DA:129,0
DA:135,0
DA:138,1
DA:141,1
DA:142,1
DA:144,1
DA:151,1
DA:152,1
DA:154,1
DA:163,0
DA:164,0
DA:169,1
DA:170,1
LF:65
LH:26
BRDA:64,0,0,0
BRDA:64,0,1,0
BRDA:66,1,0,0
BRDA:66,1,1,0
BRDA:83,2,0,0
BRDA:83,2,1,0
BRDA:86,3,0,0
BRDA:86,3,1,0
BRDA:94,4,0,0
BRDA:94,4,1,0
BRDA:105,5,0,0
BRDA:105,5,1,0
BRDA:112,6,0,0
BRDA:112,6,1,0
BRDA:115,7,0,0
BRDA:115,7,1,0
BRDA:122,8,0,0
BRDA:122,8,1,0
BRDA:169,9,0,1
BRDA:169,9,1,0
BRF:20
BRH:1
end_of_record
TN:
SF:lambdas\transnet-scraper\index.mjs
FN:22,(anonymous_0)
FN:48,(anonymous_1)
FN:52,(anonymous_2)
FN:80,(anonymous_3)
FN:89,(anonymous_4)
FN:97,(anonymous_5)
FN:120,(anonymous_6)
FN:121,(anonymous_7)
FN:159,(anonymous_8)
FNF:9
FNH:1
FNDA:1,(anonymous_0)
FNDA:0,(anonymous_1)
FNDA:0,(anonymous_2)
FNDA:0,(anonymous_3)
FNDA:0,(anonymous_4)
FNDA:0,(anonymous_5)
FNDA:0,(anonymous_6)
FNDA:0,(anonymous_7)
FNDA:0,(anonymous_8)
DA:19,1
DA:20,1
DA:22,1
DA:23,1
DA:24,1
DA:25,1
DA:28,1
DA:35,1
DA:36,1
DA:39,1
DA:41,1
DA:42,1
DA:45,1
DA:46,1
DA:48,1
DA:49,0
DA:50,0
DA:52,0
DA:53,0
DA:54,0
DA:55,0
DA:69,0
DA:72,1
DA:73,1
DA:76,1
DA:77,1
DA:79,1
DA:80,0
DA:83,1
DA:84,1
DA:85,1
DA:89,0
DA:90,0
DA:91,0
DA:94,0
DA:98,0
DA:99,0
DA:100,0
DA:107,0
DA:110,1
DA:113,1
DA:114,0
DA:115,0
DA:117,0
DA:118,0
DA:120,0
DA:121,0
DA:122,0
DA:124,0
DA:158,0
DA:159,0
DA:160,0
DA:166,0
DA:169,0
DA:172,1
DA:175,1
DA:176,1
DA:178,1
DA:185,1
DA:186,1
DA:188,1
DA:197,0
DA:198,0
DA:203,1
DA:204,1
LF:65
LH:34
BRDA:54,0,0,0
BRDA:54,0,1,0
BRDA:64,1,0,0
BRDA:64,1,1,0
BRDA:77,2,0,0
BRDA:77,2,1,1
BRDA:83,3,0,1
BRDA:83,3,1,0
BRDA:91,4,0,0
BRDA:91,4,1,0
BRDA:99,5,0,0
BRDA:99,5,1,0
BRDA:115,6,0,0
BRDA:115,6,1,0
BRDA:122,7,0,0
BRDA:122,7,1,0
BRDA:131,8,0,0
BRDA:131,8,1,0
BRDA:134,9,0,0
BRDA:134,9,1,0
BRDA:137,10,0,0
BRDA:137,10,1,0
BRDA:142,11,0,0
BRDA:142,11,1,0
BRDA:145,12,0,0
BRDA:145,12,1,0
BRDA:148,13,0,0
BRDA:148,13,1,0
BRDA:151,14,0,0
BRDA:151,14,1,0
BRDA:154,15,0,0
BRDA:154,15,1,0
BRDA:203,16,0,1
BRDA:203,16,1,0
BRF:34
BRH:3
end_of_record
